# JRE version: OpenJDK Runtime Environment (21.0.5) (build 21.0.5+-12932927-b750.29)
# Java VM: OpenJDK 64-Bit Server VM (21.0.5+-12932927-b750.29, mixed mode, tiered, compressed oops, compressed class ptrs, g1 gc, windows-amd64)
GC Precious Log:
 CardTable entry size: 512
 Card Set container configuration: InlinePtr #cards 5 size 8 Array Of Cards #cards 12 size 40 Howl #buckets 4 coarsen threshold 1843 Howl Bitmap #cards 512 size 80 coarsen threshold 460 Card regions per heap region 1 cards per card region 2048
 CPUs: 4 total, 4 available
 Memory: 8083M
 Large Page Support: Disabled
 NUMA Support: Disabled
 Compressed Oops: Enabled (32-bit)
 Heap Region Size: 1M
 Heap Min Capacity: 8M
 Heap Initial Capacity: 128M
 Heap Max Capacity: 2G
 Pre-touch: Disabled
 Parallel Workers: 4
 Concurrent Workers: 1
 Concurrent Refinement Workers: 4
 Periodic GC: Disabled
Heap:
 garbage-first heap   total 322560K, used 279823K [0x0000000080000000, 0x0000000100000000)
  region size 1024K, 94 young (96256K), 13 survivors (13312K)
 Metaspace       used 145072K, committed 147712K, reserved 1179648K
  class space    used 19373K, committed 20672K, reserved 1048576K
GC Heap History (20 events):
Event: 68.865 GC heap before
{Heap before GC invocations=56 (full 0):
 garbage-first heap   total 208896K, used 185837K [0x0000000080000000, 0x0000000100000000)
  region size 1024K, 69 young (70656K), 7 survivors (7168K)
 Metaspace       used 121720K, committed 123968K, reserved 1179648K
  class space    used 16600K, committed 17728K, reserved 1048576K
}
Event: 68.885 GC heap after
{Heap after GC invocations=57 (full 0):
 garbage-first heap   total 208896K, used 124708K [0x0000000080000000, 0x0000000100000000)
  region size 1024K, 5 young (5120K), 5 survivors (5120K)
 Metaspace       used 121720K, committed 123968K, reserved 1179648K
  class space    used 16600K, committed 17728K, reserved 1048576K
}
Event: 165.685 GC heap before
{Heap before GC invocations=57 (full 0):
 garbage-first heap   total 208896K, used 145188K [0x0000000080000000, 0x0000000100000000)
  region size 1024K, 26 young (26624K), 5 survivors (5120K)
 Metaspace       used 122400K, committed 124672K, reserved 1179648K
  class space    used 16704K, committed 17856K, reserved 1048576K
}
Event: 165.697 GC heap after
{Heap after GC invocations=58 (full 0):
 garbage-first heap   total 208896K, used 125597K [0x0000000080000000, 0x0000000100000000)
  region size 1024K, 6 young (6144K), 6 survivors (6144K)
 Metaspace       used 122400K, committed 124672K, reserved 1179648K
  class space    used 16704K, committed 17856K, reserved 1048576K
}
Event: 171.039 GC heap before
{Heap before GC invocations=59 (full 0):
 garbage-first heap   total 230400K, used 221853K [0x0000000080000000, 0x0000000100000000)
  region size 1024K, 69 young (70656K), 6 survivors (6144K)
 Metaspace       used 126086K, committed 128448K, reserved 1179648K
  class space    used 17139K, committed 18304K, reserved 1048576K
}
Event: 171.072 GC heap after
{Heap after GC invocations=60 (full 0):
 garbage-first heap   total 237568K, used 161792K [0x0000000080000000, 0x0000000100000000)
  region size 1024K, 9 young (9216K), 9 survivors (9216K)
 Metaspace       used 126086K, committed 128448K, reserved 1179648K
  class space    used 17139K, committed 18304K, reserved 1048576K
}
Event: 176.721 GC heap before
{Heap before GC invocations=60 (full 0):
 garbage-first heap   total 237568K, used 215040K [0x0000000080000000, 0x0000000100000000)
  region size 1024K, 61 young (62464K), 9 survivors (9216K)
 Metaspace       used 128094K, committed 130496K, reserved 1179648K
  class space    used 17434K, committed 18624K, reserved 1048576K
}
Event: 176.739 GC heap after
{Heap after GC invocations=61 (full 0):
 garbage-first heap   total 237568K, used 165111K [0x0000000080000000, 0x0000000100000000)
  region size 1024K, 5 young (5120K), 5 survivors (5120K)
 Metaspace       used 128094K, committed 130496K, reserved 1179648K
  class space    used 17434K, committed 18624K, reserved 1048576K
}
Event: 179.818 GC heap before
{Heap before GC invocations=61 (full 0):
 garbage-first heap   total 237568K, used 184567K [0x0000000080000000, 0x0000000100000000)
  region size 1024K, 25 young (25600K), 5 survivors (5120K)
 Metaspace       used 128718K, committed 131136K, reserved 1179648K
  class space    used 17487K, committed 18688K, reserved 1048576K
}
Event: 179.831 GC heap after
{Heap after GC invocations=62 (full 0):
 garbage-first heap   total 237568K, used 168349K [0x0000000080000000, 0x0000000100000000)
  region size 1024K, 8 young (8192K), 8 survivors (8192K)
 Metaspace       used 128718K, committed 131136K, reserved 1179648K
  class space    used 17487K, committed 18688K, reserved 1048576K
}
Event: 181.198 GC heap before
{Heap before GC invocations=63 (full 0):
 garbage-first heap   total 285696K, used 227741K [0x0000000080000000, 0x0000000100000000)
  region size 1024K, 52 young (53248K), 8 survivors (8192K)
 Metaspace       used 132248K, committed 134656K, reserved 1179648K
  class space    used 17942K, committed 19136K, reserved 1048576K
}
Event: 181.218 GC heap after
{Heap after GC invocations=64 (full 0):
 garbage-first heap   total 285696K, used 191144K [0x0000000080000000, 0x0000000100000000)
  region size 1024K, 7 young (7168K), 7 survivors (7168K)
 Metaspace       used 132248K, committed 134656K, reserved 1179648K
  class space    used 17942K, committed 19136K, reserved 1048576K
}
Event: 182.138 GC heap before
{Heap before GC invocations=64 (full 0):
 garbage-first heap   total 285696K, used 257704K [0x0000000080000000, 0x0000000100000000)
  region size 1024K, 72 young (73728K), 7 survivors (7168K)
 Metaspace       used 132248K, committed 134656K, reserved 1179648K
  class space    used 17942K, committed 19136K, reserved 1048576K
}
Event: 182.156 GC heap after
{Heap after GC invocations=65 (full 0):
 garbage-first heap   total 285696K, used 189440K [0x0000000080000000, 0x0000000100000000)
  region size 1024K, 6 young (6144K), 6 survivors (6144K)
 Metaspace       used 132248K, committed 134656K, reserved 1179648K
  class space    used 17942K, committed 19136K, reserved 1048576K
}
Event: 182.961 GC heap before
{Heap before GC invocations=65 (full 0):
 garbage-first heap   total 285696K, used 259072K [0x0000000080000000, 0x0000000100000000)
  region size 1024K, 74 young (75776K), 6 survivors (6144K)
 Metaspace       used 132248K, committed 134656K, reserved 1179648K
  class space    used 17942K, committed 19136K, reserved 1048576K
}
Event: 182.971 GC heap after
{Heap after GC invocations=66 (full 0):
 garbage-first heap   total 285696K, used 192829K [0x0000000080000000, 0x0000000100000000)
  region size 1024K, 6 young (6144K), 6 survivors (6144K)
 Metaspace       used 132248K, committed 134656K, reserved 1179648K
  class space    used 17942K, committed 19136K, reserved 1048576K
}
Event: 184.195 GC heap before
{Heap before GC invocations=67 (full 0):
 garbage-first heap   total 322560K, used 262461K [0x0000000080000000, 0x0000000100000000)
  region size 1024K, 73 young (74752K), 6 survivors (6144K)
 Metaspace       used 136167K, committed 138752K, reserved 1179648K
  class space    used 18350K, committed 19648K, reserved 1048576K
}
Event: 184.207 GC heap after
{Heap after GC invocations=68 (full 0):
 garbage-first heap   total 322560K, used 195387K [0x0000000080000000, 0x0000000100000000)
  region size 1024K, 9 young (9216K), 9 survivors (9216K)
 Metaspace       used 136167K, committed 138752K, reserved 1179648K
  class space    used 18350K, committed 19648K, reserved 1048576K
}
Event: 186.252 GC heap before
{Heap before GC invocations=68 (full 0):
 garbage-first heap   total 322560K, used 286523K [0x0000000080000000, 0x0000000100000000)
  region size 1024K, 98 young (100352K), 9 survivors (9216K)
 Metaspace       used 140382K, committed 142976K, reserved 1179648K
  class space    used 18835K, committed 20160K, reserved 1048576K
}
Event: 186.276 GC heap after
{Heap after GC invocations=69 (full 0):
 garbage-first heap   total 322560K, used 198927K [0x0000000080000000, 0x0000000100000000)
  region size 1024K, 13 young (13312K), 13 survivors (13312K)
 Metaspace       used 140382K, committed 142976K, reserved 1179648K
  class space    used 18835K, committed 20160K, reserved 1048576K
}

